<?xml version="1.0" encoding="UTF-8"?>
<testng-results ignored="0" total="1" passed="1" failed="0" skipped="0">
  <reporter-output>
  </reporter-output>
  <suite started-at="2023-08-10T13:35:38 IST" name="Hydro" finished-at="2023-08-10T13:35:49 IST" duration-ms="11192">
    <groups>
    </groups>
    <test started-at="2023-08-10T13:35:38 IST" name="Test" finished-at="2023-08-10T13:35:49 IST" duration-ms="11192">
      <class name="com.Hydro.testcases.tc_Login_03">
        <test-method is-config="true" signature="setUp1()[pri:0, instance:com.Hydro.testcases.tc_Login_03@45b9a632]" started-at="2023-08-10T13:35:37 IST" name="setUp1" finished-at="2023-08-10T13:35:38 IST" duration-ms="437" status="PASS">
          <reporter-output>
          </reporter-output>
        </test-method> <!-- setUp1 -->
        <test-method is-config="true" signature="setup(java.lang.String)[pri:0, instance:com.Hydro.testcases.tc_Login_03@45b9a632]" started-at="2023-08-10T13:35:38 IST" name="setup" finished-at="2023-08-10T13:35:47 IST" duration-ms="9311" status="PASS">
          <params>
            <param index="0">
              <value>
                <![CDATA[chrome]]>
              </value>
            </param>
          </params>
          <reporter-output>
          </reporter-output>
        </test-method> <!-- setup -->
        <test-method signature="loginTest()[pri:0, instance:com.Hydro.testcases.tc_Login_03@45b9a632]" started-at="2023-08-10T13:35:47 IST" name="loginTest" finished-at="2023-08-10T13:35:49 IST" duration-ms="1628" status="PASS">
          <reporter-output>
          </reporter-output>
        </test-method> <!-- loginTest -->
        <test-method is-config="true" signature="teardown()[pri:0, instance:com.Hydro.testcases.tc_Login_03@45b9a632]" started-at="2023-08-10T13:35:49 IST" name="teardown" finished-at="2023-08-10T13:35:49 IST" duration-ms="207" status="PASS">
          <reporter-output>
          </reporter-output>
        </test-method> <!-- teardown -->
        <test-method is-config="true" signature="teatDown1()[pri:0, instance:com.Hydro.testcases.tc_Login_03@45b9a632]" started-at="2023-08-10T13:35:49 IST" name="teatDown1" finished-at="2023-08-10T13:35:49 IST" duration-ms="432" status="PASS">
          <reporter-output>
          </reporter-output>
        </test-method> <!-- teatDown1 -->
      </class> <!-- com.Hydro.testcases.tc_Login_03 -->
    </test> <!-- Test -->
  </suite> <!-- Hydro -->
</testng-results>
