<?xml version="1.0" encoding="UTF-8"?>
<testng-results ignored="0" total="1" passed="1" failed="0" skipped="0">
  <reporter-output>
  </reporter-output>
  <suite started-at="2023-08-10T14:46:28 IST" name="Hydro" finished-at="2023-08-10T14:46:41 IST" duration-ms="12782">
    <groups>
    </groups>
    <test started-at="2023-08-10T14:46:28 IST" name="Test" finished-at="2023-08-10T14:46:41 IST" duration-ms="12782">
      <class name="com.Hydro.testcases.tc_Login_03">
        <test-method is-config="true" signature="setUp1()[pri:0, instance:com.Hydro.testcases.tc_Login_03@1573f9fc]" started-at="2023-08-10T14:46:28 IST" name="setUp1" finished-at="2023-08-10T14:46:28 IST" duration-ms="528" status="PASS">
          <reporter-output>
          </reporter-output>
        </test-method> <!-- setUp1 -->
        <test-method is-config="true" signature="setup(java.lang.String)[pri:0, instance:com.Hydro.testcases.tc_Login_03@1573f9fc]" started-at="2023-08-10T14:46:28 IST" name="setup" finished-at="2023-08-10T14:46:39 IST" duration-ms="10624" status="PASS">
          <params>
            <param index="0">
              <value>
                <![CDATA[chrome]]>
              </value>
            </param>
          </params>
          <reporter-output>
          </reporter-output>
        </test-method> <!-- setup -->
        <test-method signature="loginTest()[pri:0, instance:com.Hydro.testcases.tc_Login_03@1573f9fc]" started-at="2023-08-10T14:46:39 IST" name="loginTest" finished-at="2023-08-10T14:46:41 IST" duration-ms="1805" status="PASS">
          <reporter-output>
          </reporter-output>
        </test-method> <!-- loginTest -->
        <test-method is-config="true" signature="teardown()[pri:0, instance:com.Hydro.testcases.tc_Login_03@1573f9fc]" started-at="2023-08-10T14:46:41 IST" name="teardown" finished-at="2023-08-10T14:46:41 IST" duration-ms="281" status="PASS">
          <reporter-output>
          </reporter-output>
        </test-method> <!-- teardown -->
        <test-method is-config="true" signature="teatDown1()[pri:0, instance:com.Hydro.testcases.tc_Login_03@1573f9fc]" started-at="2023-08-10T14:46:41 IST" name="teatDown1" finished-at="2023-08-10T14:46:42 IST" duration-ms="734" status="PASS">
          <reporter-output>
          </reporter-output>
        </test-method> <!-- teatDown1 -->
      </class> <!-- com.Hydro.testcases.tc_Login_03 -->
    </test> <!-- Test -->
  </suite> <!-- Hydro -->
</testng-results>
